å¼€å§‹æ—¶é—´ï¼šWed May 10 2017 12:51:08 GMT+0800 (CST)
[Start Job]
[Start Stage] init 
[Start Task] init  åˆå§‹åŒ–ä»»åŠ¡
å¼€å§‹åˆ›å»ºä¸´æ—¶å·¥ä½œç›®å½•...
åˆ›å»ºæˆåŠŸ
===============ç¯å¢ƒå˜é‡=======================
PROJECT_ID(é¡¹ç›®id) : Hkfli-eeW
JOB_ID(ä½œä¸šid) : S1Vr2Ggeb
REPOSITORY_NAME(å…³è”ä»“åº“å) : test-ci
REPOSITORY_URL(å…³è”ä»“åº“url) : git@git.coding.net:luckyjing/test-ci.git
BRANCH(ä»£ç æ‰§è¡Œåˆ†æ”¯) : feature/docker
REGISTRY(Dockeré•œåƒä»“åº“åœ°å€) : sujing.xin:5000
==================================================
[Finish Task] init
[Start Task] clone  Git ä»“åº“å…‹éš†
> git clone --branch feature/docker git@git.coding.net:luckyjing/test-ci.git test-ci
Cloning into 'test-ci'...

[Finish Task] clone
[Finish Stage] init 
[Start Stage] test 
[Start Task] test  æµ‹è¯•
å½“å‰å·¥ä½œç›®å½•ï¼š/Users/sujingxin/coding/daily/pure-ci/workspace/SkSuppJRe/Hkfli-eeW/tmp/test-ci
> docker build -t test/test-ci -f Dockerfile.test .
WARNING: Error loading config file:/Users/sujingxin/.docker/config.json - open /Users/sujingxin/.docker/config.json: permission denied

Sending build context to Docker daemon   342 kB

Step 1/7 : FROM node:7

 ---> 90223b3d894e
Step 2/7 : COPY ./package.json /app/package.json

 ---> Using cache
 ---> 00ef5c22dff3
Step 3/7 : WORKDIR /app

 ---> Using cache
 ---> 9d313168d976
Step 4/7 : RUN npm install -q  --registry=https://registry.npm.taobao.org

 ---> Using cache
 ---> 7fbb8a4691ab

Step 5/7 : COPY . /app

 ---> e783038be201

Removing intermediate container f2392c62c338

Step 6/7 : EXPOSE 3000

 ---> Running in df0b82de6037

 ---> 03c03a97883e

Removing intermediate container df0b82de6037
Step 7/7 : CMD npm test

 ---> Running in 4b828059f8b2

 ---> f0ab7cf86baa

Removing intermediate container 4b828059f8b2

Successfully built f0ab7cf86baa

> docker run --rm -i test/test-ci
WARNING: Error loading config file:/Users/sujingxin/.docker/config.json - open /Users/sujingxin/.docker/config.json: permission denied

npm
 info it worked if it ends with ok
npm info using npm@4.2.0
npm info using node@v7.9.0

npm info lifecycle node-project@1.0.0~pretest: node-project@1.0.0

npm info lifecycle node-project@1.0.0~test: node-project@1.0.0


> node-project@1.0.0 test /app
> ava


 
 â ‹ 
[2K[1A[2K[0G 
 â ™ 
[2K[1A[2K[0G 
 â ¹ 
[2K[1A[2K[0G 
 â ¸ 
[2K[1A[2K[0G 
 â ¼ 
[2K[1A[2K[0G 
 â ´ 
[2K[1A[2K[0G 
 â ´ fooâ€¦

  1 passed
[2K[1A[2K[1A[2K[1A[2K[0G 
 â ´ bar

  1 passed
  1 failed
[2K[1A[2K[1A[2K[1A[2K[1A[2K[0G 
 â ¦ bar

  1 passed
  1 failed
[2K[1A[2K[1A[2K[1A[2K[1A[2K[0G
  1 passed
  1 failed

  bar
  /app/app.test.js:10

    9:                           
   10:   t.is(await bar, 'ba1r');
   11: });                       

  Difference:

    "ba1r"

  Test.<anonymous> (app.test.js:10:5)
  step (app.test.js:9:191)


npm info lifecycle node-project@1.0.0~test: Failed to exec test script
npm ERR! Test failed.  See above for more details.

> docker run --rm -i test/test-ci
WARNING: Error loading config file:/Users/sujingxin/.docker/config.json - open /Users/sujingxin/.docker/config.json: permission denied

npm
 info it worked if it ends with ok
npm info using npm@4.2.0
npm info using node@v7.9.0

npm info lifecycle node-project@1.0.0~pretest: node-project@1.0.0

npm info lifecycle node-project@1.0.0~test: node-project@1.0.0


> node-project@1.0.0 test /app
> ava


 
 â ‹ 
[2K[1A[2K[0G 
 â ™ 
[2K[1A[2K[0G 
 â ¹ 
[2K[1A[2K[0G 
 â ¸ 
[2K[1A[2K[0G 
 â ¼ 
[2K[1A[2K[0G 
 â ´ 
[2K[1A[2K[0G 
 â ´ fooâ€¦

  1 passed
[2K[1A[2K[1A[2K[1A[2K[0G 
 â ´ bar

  1 passed
  1 failed
[2K[1A[2K[1A[2K[1A[2K[1A[2K[0G 
 â ¦ bar

  1 passed
  1 failed
[2K[1A[2K[1A[2K[1A[2K[1A[2K[0G
  1 passed
  1 failed

  bar
  /app/app.test.js:10

    9:                           
   10:   t.is(await bar, 'ba1r');
   11: });                       

  Difference:

    "ba1r"

  Test.<anonymous> (app.test.js:10:5)
  step (app.test.js:9:191)


npm info lifecycle node-project@1.0.0~test: Failed to exec test script
npm ERR! Test failed.  See above for more details.

[Error Task] test
[Error Stage] test 
> docker run --rm -i test/test-ci
WARNING: Error loading config file:/Users/sujingxin/.docker/config.json - open /Users/sujingxin/.docker/config.json: permission denied

npm
 info it worked if it ends with ok
npm info using npm@4.2.0
npm info using node@v7.9.0

npm info lifecycle node-project@1.0.0~pretest: node-project@1.0.0

npm info lifecycle node-project@1.0.0~test: node-project@1.0.0


> node-project@1.0.0 test /app
> ava


 
 â ‹ 
[2K[1A[2K[0G 
 â ™ 
[2K[1A[2K[0G 
 â ¹ 
[2K[1A[2K[0G 
 â ¸ 
[2K[1A[2K[0G 
 â ¼ 
[2K[1A[2K[0G 
 â ´ 
[2K[1A[2K[0G 
 â ´ fooâ€¦

  1 passed
[2K[1A[2K[1A[2K[1A[2K[0G 
 â ´ bar

  1 passed
  1 failed
[2K[1A[2K[1A[2K[1A[2K[1A[2K[0G 
 â ¦ bar

  1 passed
  1 failed
[2K[1A[2K[1A[2K[1A[2K[1A[2K[0G
  1 passed
  1 failed

  bar
  /app/app.test.js:10

    9:                           
   10:   t.is(await bar, 'ba1r');
   11: });                       

  Difference:

    "ba1r"

  Test.<anonymous> (app.test.js:10:5)
  step (app.test.js:9:191)


npm info lifecycle node-project@1.0.0~test: Failed to exec test script
npm ERR! Test failed.  See above for more details.

[Error Job]
ä½œä¸šç»“æŸï¼Œè€—æ—¶ï¼š7748 ms
[Start Task] clean  æ”¶å°¾ä»»åŠ¡
å¼€å§‹æ¸…é™¤ä¸´æ—¶å·¥ä½œç›®å½•...
æ¸…é™¤å®Œæˆ
[Finish Task] clean
